Using pre-set license
Built from '6000.0/staging' branch; Version is '6000.0.40f1 (157d81624ddf) revision 1408385'; Using compiler version '193933523'; Build Type 'Release'
OS: 'Windows 11  (10.0.26100) 64bit Professional' Language: 'ko' Physical Memory: 32397 MB
BatchMode: 1, IsHumanControllingUs: 0, StartBugReporterOnCrash: 0, Is64bit: 1, IsPro: 1

COMMAND LINE ARGUMENTS:
C:\Program Files\Unity\Hub\Editor\6000.0.40f1\Editor\Unity.exe
-adb2
-batchMode
-noUpm
-name
AssetImportWorker0
-projectPath
C:/Users/asdgh/OneDrive/바탕 화면/Study/ShooterMiniPeroject
-logFile
Logs/AssetImportWorker0.log
-srvPort
62766
-job-worker-count
5
-background-job-worker-count
8
-gc-helper-count
1
Successfully changed project path to: C:/Users/asdgh/OneDrive/바탕 화면/Study/ShooterMiniPeroject
C:/Users/asdgh/OneDrive/바탕 화면/Study/ShooterMiniPeroject
[UnityMemory] Configuration Parameters - Can be set up in boot.config
    "memorysetup-bucket-allocator-granularity=16"
    "memorysetup-bucket-allocator-bucket-count=8"
    "memorysetup-bucket-allocator-block-size=33554432"
    "memorysetup-bucket-allocator-block-count=8"
    "memorysetup-main-allocator-block-size=16777216"
    "memorysetup-thread-allocator-block-size=16777216"
    "memorysetup-gfx-main-allocator-block-size=16777216"
    "memorysetup-gfx-thread-allocator-block-size=16777216"
    "memorysetup-cache-allocator-block-size=4194304"
    "memorysetup-typetree-allocator-block-size=2097152"
    "memorysetup-profiler-bucket-allocator-granularity=16"
    "memorysetup-profiler-bucket-allocator-bucket-count=8"
    "memorysetup-profiler-bucket-allocator-block-size=33554432"
    "memorysetup-profiler-bucket-allocator-block-count=8"
    "memorysetup-profiler-allocator-block-size=16777216"
    "memorysetup-profiler-editor-allocator-block-size=1048576"
    "memorysetup-temp-allocator-size-main=16777216"
    "memorysetup-job-temp-allocator-block-size=2097152"
    "memorysetup-job-temp-allocator-block-size-background=1048576"
    "memorysetup-job-temp-allocator-reduction-small-platforms=262144"
    "memorysetup-allocator-temp-initial-block-size-main=262144"
    "memorysetup-allocator-temp-initial-block-size-worker=262144"
    "memorysetup-temp-allocator-size-background-worker=32768"
    "memorysetup-temp-allocator-size-job-worker=262144"
    "memorysetup-temp-allocator-size-preload-manager=33554432"
    "memorysetup-temp-allocator-size-nav-mesh-worker=65536"
    "memorysetup-temp-allocator-size-audio-worker=65536"
    "memorysetup-temp-allocator-size-cloud-worker=32768"
    "memorysetup-temp-allocator-size-gi-baking-worker=262144"
    "memorysetup-temp-allocator-size-gi-baking-worker=262144"
    "memorysetup-temp-allocator-size-gi-baking-worker=262144"
    "memorysetup-temp-allocator-size-gi-baking-worker=262144"
    "memorysetup-temp-allocator-size-gi-baking-worker=262144"
    "memorysetup-temp-allocator-size-gfx=262144"
Player connection [28604]  Target information:

Player connection [28604]  * "[IP] 121.179.63.129 [Port] 0 [Flags] 2 [Guid] 2964688916 [EditorId] 2964688916 [Version] 1048832 [Id] WindowsEditor(7,SangWon) [Debug] 1 [PackageName] WindowsEditor [ProjectName] Editor" 

Player connection [28604] Host joined multi-casting on [225.0.0.222:54997]...
Player connection [28604] Host joined alternative multi-casting on [225.0.0.222:34997]...
JobSystem: Creating JobQueue using job-worker-count value 5
Input System module state changed to: Initialized.
[Physics::Module] Initialized fallback backend.
[Physics::Module] Id: 0xdecafbad
Library Redirect Path: Library/
[Physics::Module] Selected backend.
[Physics::Module] Name: PhysX
[Physics::Module] Id: 0xf2b8ea05
[Physics::Module] SDK Version: 4.1.2
[Physics::Module] Integration Version: 1.0.0
[Physics::Module] Threading Mode: Multi-Threaded
Refreshing native plugins compatible for Editor in 3.22 ms, found 4 plugins.
Preloading 0 native plugins for Editor in 0.00 ms.
Initialize engine version: 6000.0.40f1 (157d81624ddf)
[Subsystems] Discovering subsystems at path C:/Program Files/Unity/Hub/Editor/6000.0.40f1/Editor/Data/Resources/UnitySubsystems
[Subsystems] Discovering subsystems at path C:/Users/asdgh/OneDrive/바탕 화면/Study/ShooterMiniPeroject/Assets
GfxDevice: creating device client; kGfxThreadingModeNonThreaded
Direct3D:
    Version:  Direct3D 11.0 [level 11.1]
    Renderer: NVIDIA GeForce RTX 4060 Ti (ID=0x2803)
    Vendor:   NVIDIA
    VRAM:     7949 MB
    Driver:   32.0.15.6636
Initialize mono
Mono path[0] = 'C:/Program Files/Unity/Hub/Editor/6000.0.40f1/Editor/Data/Managed'
Mono path[1] = 'C:/Program Files/Unity/Hub/Editor/6000.0.40f1/Editor/Data/MonoBleedingEdge/lib/mono/unityjit-win32'
Mono config path = 'C:/Program Files/Unity/Hub/Editor/6000.0.40f1/Editor/Data/MonoBleedingEdge/etc'
Using monoOptions --debugger-agent=transport=dt_socket,embedding=1,server=y,suspend=n,address=127.0.0.1:56928
Begin MonoManager ReloadAssembly
Registering precompiled unity dll's ...
Register platform support module: C:/Program Files/Unity/Hub/Editor/6000.0.40f1/Editor/Data/PlaybackEngines/WebGLSupport/UnityEditor.WebGL.Extensions.dll
Register platform support module: C:/Program Files/Unity/Hub/Editor/6000.0.40f1/Editor/Data/PlaybackEngines/WindowsStandaloneSupport/UnityEditor.WindowsStandalone.Extensions.dll
Register platform support module: C:/Program Files/Unity/Hub/Editor/6000.0.40f1/Editor/Data/PlaybackEngines/MetroSupport/UnityEditor.UWP.Extensions.dll
Register platform support module: C:/Program Files/Unity/Hub/Editor/6000.0.40f1/Editor/Data/PlaybackEngines/AndroidPlayer/UnityEditor.Android.Extensions.dll
Registered in 0.007422 seconds.
- Loaded All Assemblies, in  0.432 seconds
Native extension for Android target not found
Android Extension - Scanning For ADB Devices 277 ms
Native extension for UWP target not found
Native extension for WindowsStandalone target not found
Native extension for WebGL target not found
Mono: successfully reloaded assembly
- Finished resetting the current domain, in  0.647 seconds
Domain Reload Profiling: 1076ms
	BeginReloadAssembly (142ms)
		ExecutionOrderSort (0ms)
		DisableScriptedObjects (0ms)
		BackupInstance (0ms)
		ReleaseScriptingObjects (0ms)
		CreateAndSetChildDomain (1ms)
	RebuildCommonClasses (37ms)
	RebuildNativeTypeToScriptingClass (13ms)
	initialDomainReloadingComplete (57ms)
	LoadAllAssembliesAndSetupDomain (178ms)
		LoadAssemblies (140ms)
		RebuildTransferFunctionScriptingTraits (0ms)
		AnalyzeDomain (175ms)
			TypeCache.Refresh (174ms)
				TypeCache.ScanAssembly (161ms)
			BuildScriptInfoCaches (0ms)
			ResolveRequiredComponents (0ms)
	FinalizeReload (648ms)
		ReleaseScriptCaches (0ms)
		RebuildScriptCaches (0ms)
		SetupLoadedEditorAssemblies (612ms)
			LogAssemblyErrors (0ms)
			InitializePlatformSupportModulesInManaged (362ms)
			SetLoadedEditorAssemblies (4ms)
			BeforeProcessingInitializeOnLoad (56ms)
			ProcessInitializeOnLoadAttributes (124ms)
			ProcessInitializeOnLoadMethodAttributes (67ms)
			AfterProcessingInitializeOnLoad (0ms)
			EditorAssembliesLoaded (0ms)
		ExecutionOrderSort2 (0ms)
		AwakeInstancesAfterBackupRestoration (0ms)
========================================================================
Worker process is ready to serve import requests
Import Worker Mode flag is 0x00
Begin MonoManager ReloadAssembly
- Loaded All Assemblies, in  0.827 seconds
Refreshing native plugins compatible for Editor in 2.30 ms, found 4 plugins.
Native extension for Android target not found
Native extension for UWP target not found
Native extension for WindowsStandalone target not found
Native extension for WebGL target not found
Mono: successfully reloaded assembly
- Finished resetting the current domain, in  0.653 seconds
Domain Reload Profiling: 1475ms
	BeginReloadAssembly (175ms)
		ExecutionOrderSort (0ms)
		DisableScriptedObjects (6ms)
		BackupInstance (0ms)
		ReleaseScriptingObjects (0ms)
		CreateAndSetChildDomain (41ms)
	RebuildCommonClasses (44ms)
	RebuildNativeTypeToScriptingClass (12ms)
	initialDomainReloadingComplete (47ms)
	LoadAllAssembliesAndSetupDomain (543ms)
		LoadAssemblies (395ms)
		RebuildTransferFunctionScriptingTraits (0ms)
		AnalyzeDomain (245ms)
			TypeCache.Refresh (191ms)
				TypeCache.ScanAssembly (171ms)
			BuildScriptInfoCaches (47ms)
			ResolveRequiredComponents (5ms)
	FinalizeReload (653ms)
		ReleaseScriptCaches (0ms)
		RebuildScriptCaches (0ms)
		SetupLoadedEditorAssemblies (529ms)
			LogAssemblyErrors (0ms)
			InitializePlatformSupportModulesInManaged (11ms)
			SetLoadedEditorAssemblies (4ms)
			BeforeProcessingInitializeOnLoad (110ms)
			ProcessInitializeOnLoadAttributes (361ms)
			ProcessInitializeOnLoadMethodAttributes (38ms)
			AfterProcessingInitializeOnLoad (5ms)
			EditorAssembliesLoaded (0ms)
		ExecutionOrderSort2 (0ms)
		AwakeInstancesAfterBackupRestoration (5ms)
Launched and connected shader compiler UnityShaderCompiler.exe after 0.01 seconds
Refreshing native plugins compatible for Editor in 1.67 ms, found 4 plugins.
Preloading 0 native plugins for Editor in 0.00 ms.
Unloading 14 Unused Serialized files (Serialized files now loaded: 0)
Unloading 4730 unused Assets / (1.8 MB). Loaded Objects now: 5206.
Memory consumption went from 90.9 MB to 89.1 MB.
Total: 7.549800 ms (FindLiveObjects: 1.060800 ms CreateObjectMapping: 0.471500 ms MarkObjects: 4.109900 ms  DeleteObjects: 1.906600 ms)

========================================================================
Received Import Request.
  Time since last request: 27204.636459 seconds.
  path: Assets/Image/Player/1 Pink_Monster/Double_Jump_Dust_5.png
  artifactKey: Guid(63f7204f114b44743949ab33760f4eef) Importer(815301076,1909f56bfc062723c751e8b465ee728b)
Start importing Assets/Image/Player/1 Pink_Monster/Double_Jump_Dust_5.png using Guid(63f7204f114b44743949ab33760f4eef) Importer(815301076,1909f56bfc062723c751e8b465ee728b) (PreviewImporter) -> (artifact id: 'b8e95a51560974a71b9c1ebecb195526') in 0.1368309 seconds
Number of updated asset objects reloaded before import = 0Number of asset objects unloaded after import = 7

========================================================================
Received Import Request.
  Time since last request: 0.000021 seconds.
  path: Assets/Image/Player/1 Pink_Monster/Pink_Monster_Walk_6.png
  artifactKey: Guid(d5462861ece6e124e8a83df8be54e8e3) Importer(815301076,1909f56bfc062723c751e8b465ee728b)
Start importing Assets/Image/Player/1 Pink_Monster/Pink_Monster_Walk_6.png using Guid(d5462861ece6e124e8a83df8be54e8e3) Importer(815301076,1909f56bfc062723c751e8b465ee728b) (PreviewImporter) -> (artifact id: '758a053e8a073c9265787637a3281f02') in 0.0360821 seconds
Number of updated asset objects reloaded before import = 0Number of asset objects unloaded after import = 8

========================================================================
Received Import Request.
  Time since last request: 0.000049 seconds.
  path: Assets/Image/Player/1 Pink_Monster/Pink_Monster_Climb_4.png
  artifactKey: Guid(5e9939027baeebf4b9b6582a46725795) Importer(815301076,1909f56bfc062723c751e8b465ee728b)
Start importing Assets/Image/Player/1 Pink_Monster/Pink_Monster_Climb_4.png using Guid(5e9939027baeebf4b9b6582a46725795) Importer(815301076,1909f56bfc062723c751e8b465ee728b) (PreviewImporter) -> (artifact id: '73b448042adadd7f4439d7a24d56c9bf') in 0.0256104 seconds
Number of updated asset objects reloaded before import = 0Number of asset objects unloaded after import = 6

========================================================================
Received Import Request.
  Time since last request: 0.000014 seconds.
  path: Assets/Image/Player/1 Pink_Monster/Pink_Monster_Idle_4.png
  artifactKey: Guid(63c800af602b35f4f9b1b20a7a09baa8) Importer(815301076,1909f56bfc062723c751e8b465ee728b)
Start importing Assets/Image/Player/1 Pink_Monster/Pink_Monster_Idle_4.png using Guid(63c800af602b35f4f9b1b20a7a09baa8) Importer(815301076,1909f56bfc062723c751e8b465ee728b) (PreviewImporter) -> (artifact id: 'e40965e748f4041da5a4f9cd3d13be2d') in 0.025761 seconds
Number of updated asset objects reloaded before import = 0Number of asset objects unloaded after import = 6

========================================================================
Received Import Request.
  Time since last request: 0.000023 seconds.
  path: Assets/Image/Player/1 Pink_Monster/Rock1.png
  artifactKey: Guid(2a6c9af75ced0a84cbef0972b5927e53) Importer(815301076,1909f56bfc062723c751e8b465ee728b)
Start importing Assets/Image/Player/1 Pink_Monster/Rock1.png using Guid(2a6c9af75ced0a84cbef0972b5927e53) Importer(815301076,1909f56bfc062723c751e8b465ee728b) (PreviewImporter) -> (artifact id: '356736db1d4dc9e94440e428513e080b') in 0.0237429 seconds
Number of updated asset objects reloaded before import = 0Number of asset objects unloaded after import = 3

========================================================================
Received Import Request.
  Time since last request: 0.000014 seconds.
  path: Assets/Image/Player/1 Pink_Monster/Pink_Monster_Attack2_6.png
  artifactKey: Guid(72d632cec9b885445aa1b90ba86131f5) Importer(815301076,1909f56bfc062723c751e8b465ee728b)
Start importing Assets/Image/Player/1 Pink_Monster/Pink_Monster_Attack2_6.png using Guid(72d632cec9b885445aa1b90ba86131f5) Importer(815301076,1909f56bfc062723c751e8b465ee728b) (PreviewImporter) -> (artifact id: '64f3b4372d6e8aa1ca49240bb8d04cc8') in 0.0354014 seconds
Number of updated asset objects reloaded before import = 0Number of asset objects unloaded after import = 8

========================================================================
Received Import Request.
  Time since last request: 0.000019 seconds.
  path: Assets/Image/Player/1 Pink_Monster/Rock2.png
  artifactKey: Guid(6cdbe32898a50134fb1913c67c19baeb) Importer(815301076,1909f56bfc062723c751e8b465ee728b)
Start importing Assets/Image/Player/1 Pink_Monster/Rock2.png using Guid(6cdbe32898a50134fb1913c67c19baeb) Importer(815301076,1909f56bfc062723c751e8b465ee728b) (PreviewImporter) -> (artifact id: '65354bc1913392d9531ba2560a07c497') in 0.0187223 seconds
Number of updated asset objects reloaded before import = 0Number of asset objects unloaded after import = 3

========================================================================
Received Import Request.
  Time since last request: 16.621176 seconds.
  path: Assets/Image/Player/3 Dude_Monster/Dude_Monster.png
  artifactKey: Guid(9e55e0a0e1e96db459e02f4266b0ad45) Importer(815301076,1909f56bfc062723c751e8b465ee728b)
Start importing Assets/Image/Player/3 Dude_Monster/Dude_Monster.png using Guid(9e55e0a0e1e96db459e02f4266b0ad45) Importer(815301076,1909f56bfc062723c751e8b465ee728b) (PreviewImporter) -> (artifact id: '5f85cc937a387481615ee427e20651cf') in 0.0219557 seconds
Number of updated asset objects reloaded before import = 0Number of asset objects unloaded after import = 3

========================================================================
Received Import Request.
  Time since last request: 0.000019 seconds.
  path: Assets/Image/Player/3 Dude_Monster/Dude_Monster_Jump_8.png
  artifactKey: Guid(f7c58ccddb5cec742a09313e708d23a3) Importer(815301076,1909f56bfc062723c751e8b465ee728b)
Start importing Assets/Image/Player/3 Dude_Monster/Dude_Monster_Jump_8.png using Guid(f7c58ccddb5cec742a09313e708d23a3) Importer(815301076,1909f56bfc062723c751e8b465ee728b) (PreviewImporter) -> (artifact id: 'f1d613dce5ee4693d93a634a20b44062') in 0.0379392 seconds
Number of updated asset objects reloaded before import = 0Number of asset objects unloaded after import = 10

========================================================================
Received Import Request.
  Time since last request: 0.000017 seconds.
  path: Assets/Image/Player/3 Dude_Monster/Walk_Run_Push_Dust_6.png
  artifactKey: Guid(1b0d162dc48a910448e97b64c41bd1a6) Importer(815301076,1909f56bfc062723c751e8b465ee728b)
Start importing Assets/Image/Player/3 Dude_Monster/Walk_Run_Push_Dust_6.png using Guid(1b0d162dc48a910448e97b64c41bd1a6) Importer(815301076,1909f56bfc062723c751e8b465ee728b) (PreviewImporter) -> (artifact id: '7798b6ad89fb6157fe300bd59cce2d07') in 0.0370794 seconds
Number of updated asset objects reloaded before import = 0Number of asset objects unloaded after import = 10

========================================================================
Received Import Request.
  Time since last request: 0.000014 seconds.
  path: Assets/Image/Player/3 Dude_Monster/Dude_Monster_Throw_4.png
  artifactKey: Guid(195f81766fa728546b01f7e4ab7cce55) Importer(815301076,1909f56bfc062723c751e8b465ee728b)
Start importing Assets/Image/Player/3 Dude_Monster/Dude_Monster_Throw_4.png using Guid(195f81766fa728546b01f7e4ab7cce55) Importer(815301076,1909f56bfc062723c751e8b465ee728b) (PreviewImporter) -> (artifact id: '4d6fcbba4d0d86d0c21ebc6845d03dc5') in 0.026335 seconds
Number of updated asset objects reloaded before import = 0Number of asset objects unloaded after import = 6

========================================================================
Received Import Request.
  Time since last request: 0.000022 seconds.
  path: Assets/Image/Player/3 Dude_Monster/Dude_Monster_Hurt_4.png
  artifactKey: Guid(48a2b60361562e24582c7f9b94282fcf) Importer(815301076,1909f56bfc062723c751e8b465ee728b)
Start importing Assets/Image/Player/3 Dude_Monster/Dude_Monster_Hurt_4.png using Guid(48a2b60361562e24582c7f9b94282fcf) Importer(815301076,1909f56bfc062723c751e8b465ee728b) (PreviewImporter) -> (artifact id: '4ffb30fd1aeda28d2fb38258a8ebd04a') in 0.0242357 seconds
Number of updated asset objects reloaded before import = 0Number of asset objects unloaded after import = 6

========================================================================
Received Import Request.
  Time since last request: 0.000033 seconds.
  path: Assets/Image/Player/3 Dude_Monster/Dude_Monster_Walk_6.png
  artifactKey: Guid(9f5ff2d05cb6be942a31ef7f5bb6b172) Importer(815301076,1909f56bfc062723c751e8b465ee728b)
Start importing Assets/Image/Player/3 Dude_Monster/Dude_Monster_Walk_6.png using Guid(9f5ff2d05cb6be942a31ef7f5bb6b172) Importer(815301076,1909f56bfc062723c751e8b465ee728b) (PreviewImporter) -> (artifact id: '12a5977749d2f1a5e86b05e9c85156bb') in 0.0264282 seconds
Number of updated asset objects reloaded before import = 0Number of asset objects unloaded after import = 8

========================================================================
Received Import Request.
  Time since last request: 3.461173 seconds.
  path: Assets/Image/Player/2 Owlet_Monster/Owlet_Monster.png
  artifactKey: Guid(b7d0137309cd5ac41864529a433a9a84) Importer(815301076,1909f56bfc062723c751e8b465ee728b)
Start importing Assets/Image/Player/2 Owlet_Monster/Owlet_Monster.png using Guid(b7d0137309cd5ac41864529a433a9a84) Importer(815301076,1909f56bfc062723c751e8b465ee728b) (PreviewImporter) -> (artifact id: 'b2d85d4aec78b21511650f853ffb7b3b') in 0.0189827 seconds
Number of updated asset objects reloaded before import = 0Number of asset objects unloaded after import = 3

========================================================================
Received Import Request.
  Time since last request: 0.000018 seconds.
  path: Assets/Image/Player/2 Owlet_Monster/Owlet_Monster_Walk_6.png
  artifactKey: Guid(fc19627a9fac7374eb8e6b2be1b86443) Importer(815301076,1909f56bfc062723c751e8b465ee728b)
Start importing Assets/Image/Player/2 Owlet_Monster/Owlet_Monster_Walk_6.png using Guid(fc19627a9fac7374eb8e6b2be1b86443) Importer(815301076,1909f56bfc062723c751e8b465ee728b) (PreviewImporter) -> (artifact id: 'd62072ec514e8f981139d5f7625f19e9') in 0.0256225 seconds
Number of updated asset objects reloaded before import = 0Number of asset objects unloaded after import = 8

========================================================================
Received Import Request.
  Time since last request: 0.000021 seconds.
  path: Assets/Image/Player/2 Owlet_Monster/Owlet_Monster_Hurt_4.png
  artifactKey: Guid(9aacdb3c2a044c04b93827695d7665a1) Importer(815301076,1909f56bfc062723c751e8b465ee728b)
Start importing Assets/Image/Player/2 Owlet_Monster/Owlet_Monster_Hurt_4.png using Guid(9aacdb3c2a044c04b93827695d7665a1) Importer(815301076,1909f56bfc062723c751e8b465ee728b) (PreviewImporter) -> (artifact id: '9ae6e01b1e1db8bb1d42ee4770b6b884') in 0.0232342 seconds
Number of updated asset objects reloaded before import = 0Number of asset objects unloaded after import = 6

========================================================================
Received Import Request.
  Time since last request: 0.000019 seconds.
  path: Assets/Image/Player/2 Owlet_Monster/Owlet_Monster_Climb_4.png
  artifactKey: Guid(573a7d0eb1aca094d8c0edf3145df02f) Importer(815301076,1909f56bfc062723c751e8b465ee728b)
Start importing Assets/Image/Player/2 Owlet_Monster/Owlet_Monster_Climb_4.png using Guid(573a7d0eb1aca094d8c0edf3145df02f) Importer(815301076,1909f56bfc062723c751e8b465ee728b) (PreviewImporter) -> (artifact id: '7b8d93a901d7139b368510af9cbd26ae') in 0.0211198 seconds
Number of updated asset objects reloaded before import = 0Number of asset objects unloaded after import = 6

========================================================================
Received Import Request.
  Time since last request: 0.000016 seconds.
  path: Assets/Image/Player/2 Owlet_Monster/Owlet_Monster_Walk+Attack_6.png
  artifactKey: Guid(c9eac1dc1b02f744eb03f5ff5cc604dd) Importer(815301076,1909f56bfc062723c751e8b465ee728b)
Start importing Assets/Image/Player/2 Owlet_Monster/Owlet_Monster_Walk+Attack_6.png using Guid(c9eac1dc1b02f744eb03f5ff5cc604dd) Importer(815301076,1909f56bfc062723c751e8b465ee728b) (PreviewImporter) -> (artifact id: 'ec9575075d8606e51ed04c0675826905') in 0.0291583 seconds
Number of updated asset objects reloaded before import = 0Number of asset objects unloaded after import = 8

========================================================================
Received Import Request.
  Time since last request: 530.166961 seconds.
  path: Assets/Pixel Food Items (Fruits)/PNG/Apple(Green).png.png
  artifactKey: Guid(70df993518474404f8b8f8ee833a635f) Importer(815301076,1909f56bfc062723c751e8b465ee728b)
Start importing Assets/Pixel Food Items (Fruits)/PNG/Apple(Green).png.png using Guid(70df993518474404f8b8f8ee833a635f) Importer(815301076,1909f56bfc062723c751e8b465ee728b) (PreviewImporter) -> (artifact id: '41d63ae75685a49650cff0fbb15db585') in 0.0199746 seconds
Number of updated asset objects reloaded before import = 0Number of asset objects unloaded after import = 3

========================================================================
Received Import Request.
  Time since last request: 0.000020 seconds.
  path: Assets/Pixel Food Items (Fruits)/PNG/Grape(Green).png
  artifactKey: Guid(d05d791ff7c93ca4cb9e845e17cb18ae) Importer(815301076,1909f56bfc062723c751e8b465ee728b)
Start importing Assets/Pixel Food Items (Fruits)/PNG/Grape(Green).png using Guid(d05d791ff7c93ca4cb9e845e17cb18ae) Importer(815301076,1909f56bfc062723c751e8b465ee728b) (PreviewImporter) -> (artifact id: '64dd8772645c606e49718f8966d20e26') in 0.019165 seconds
Number of updated asset objects reloaded before import = 0Number of asset objects unloaded after import = 3

========================================================================
Received Import Request.
  Time since last request: 0.000023 seconds.
  path: Assets/Pixel Food Items (Fruits)/PNG/Orange.png
  artifactKey: Guid(33b4ba8d7360bde4b8fa407221c5ef6f) Importer(815301076,1909f56bfc062723c751e8b465ee728b)
Start importing Assets/Pixel Food Items (Fruits)/PNG/Orange.png using Guid(33b4ba8d7360bde4b8fa407221c5ef6f) Importer(815301076,1909f56bfc062723c751e8b465ee728b) (PreviewImporter) -> (artifact id: 'bceb03f606269edfd94057fba1c11697') in 0.0170837 seconds
Number of updated asset objects reloaded before import = 0Number of asset objects unloaded after import = 3

========================================================================
Received Import Request.
  Time since last request: 0.000018 seconds.
  path: Assets/Pixel Food Items (Fruits)/PNG/Blueberry.png
  artifactKey: Guid(ee93dcd3dfc9c3242b243fa7c49a506e) Importer(815301076,1909f56bfc062723c751e8b465ee728b)
Start importing Assets/Pixel Food Items (Fruits)/PNG/Blueberry.png using Guid(ee93dcd3dfc9c3242b243fa7c49a506e) Importer(815301076,1909f56bfc062723c751e8b465ee728b) (PreviewImporter) -> (artifact id: '60348b172a3ad4e500fcf2c09913dd26') in 0.0162364 seconds
Number of updated asset objects reloaded before import = 0Number of asset objects unloaded after import = 3

========================================================================
Received Import Request.
  Time since last request: 0.000020 seconds.
  path: Assets/Pixel Food Items (Fruits)/PNG/Peach.png
  artifactKey: Guid(1e6fbf6be8d4b8f4a93b5e9df1c9c98c) Importer(815301076,1909f56bfc062723c751e8b465ee728b)
Start importing Assets/Pixel Food Items (Fruits)/PNG/Peach.png using Guid(1e6fbf6be8d4b8f4a93b5e9df1c9c98c) Importer(815301076,1909f56bfc062723c751e8b465ee728b) (PreviewImporter) -> (artifact id: 'b19fec2b8f5c51d3757117e883628eac') in 0.0173875 seconds
Number of updated asset objects reloaded before import = 0Number of asset objects unloaded after import = 3

========================================================================
Received Import Request.
  Time since last request: 0.000017 seconds.
  path: Assets/Pixel Food Items (Fruits)/PNG/Coconut(Outside).png
  artifactKey: Guid(c101120180238f84a815184ff77b602b) Importer(815301076,1909f56bfc062723c751e8b465ee728b)
Start importing Assets/Pixel Food Items (Fruits)/PNG/Coconut(Outside).png using Guid(c101120180238f84a815184ff77b602b) Importer(815301076,1909f56bfc062723c751e8b465ee728b) (PreviewImporter) -> (artifact id: '52691d7402e47c0e5fcba82a4f794fec') in 0.017781 seconds
Number of updated asset objects reloaded before import = 0Number of asset objects unloaded after import = 3

========================================================================
Received Import Request.
  Time since last request: 0.000086 seconds.
  path: Assets/Pixel Food Items (Fruits)/PNG/Grape(Red).png
  artifactKey: Guid(f07014459b3d8704292a3bab425baf73) Importer(815301076,1909f56bfc062723c751e8b465ee728b)
Start importing Assets/Pixel Food Items (Fruits)/PNG/Grape(Red).png using Guid(f07014459b3d8704292a3bab425baf73) Importer(815301076,1909f56bfc062723c751e8b465ee728b) (PreviewImporter) -> (artifact id: '6893f1a09e58b59f1ace8e09df8fd0a9') in 0.014311 seconds
Number of updated asset objects reloaded before import = 0Number of asset objects unloaded after import = 3

========================================================================
Received Import Request.
  Time since last request: 0.000015 seconds.
  path: Assets/Pixel Food Items (Fruits)/PNG/Kiwi(Inside).png
  artifactKey: Guid(81def50cb8bf8dc48950b7df63d444f4) Importer(815301076,1909f56bfc062723c751e8b465ee728b)
Start importing Assets/Pixel Food Items (Fruits)/PNG/Kiwi(Inside).png using Guid(81def50cb8bf8dc48950b7df63d444f4) Importer(815301076,1909f56bfc062723c751e8b465ee728b) (PreviewImporter) -> (artifact id: 'a0b27d44a866eb10bf66f6c100bef841') in 0.016012 seconds
Number of updated asset objects reloaded before import = 0Number of asset objects unloaded after import = 3

========================================================================
Received Import Request.
  Time since last request: 0.000017 seconds.
  path: Assets/Pixel Food Items (Fruits)/PNG/Grape(Blue).png
  artifactKey: Guid(6ca8c74ed9d3e044dadb75bf23419b26) Importer(815301076,1909f56bfc062723c751e8b465ee728b)
Start importing Assets/Pixel Food Items (Fruits)/PNG/Grape(Blue).png using Guid(6ca8c74ed9d3e044dadb75bf23419b26) Importer(815301076,1909f56bfc062723c751e8b465ee728b) (PreviewImporter) -> (artifact id: 'bd13583a4a4900d3d3949a5c77b4d06d') in 0.0168154 seconds
Number of updated asset objects reloaded before import = 0Number of asset objects unloaded after import = 3

========================================================================
Received Import Request.
  Time since last request: 0.000016 seconds.
  path: Assets/Pixel Food Items (Fruits)/PNG/Apple(Yellow).png.png
  artifactKey: Guid(9f3ee47bb70d4ce47941885d71cebbb8) Importer(815301076,1909f56bfc062723c751e8b465ee728b)
Start importing Assets/Pixel Food Items (Fruits)/PNG/Apple(Yellow).png.png using Guid(9f3ee47bb70d4ce47941885d71cebbb8) Importer(815301076,1909f56bfc062723c751e8b465ee728b) (PreviewImporter) -> (artifact id: '6d2a2f65cad556558c361a296fb1ec71') in 0.0175121 seconds
Number of updated asset objects reloaded before import = 0Number of asset objects unloaded after import = 3

========================================================================
Received Import Request.
  Time since last request: 0.000016 seconds.
  path: Assets/Pixel Food Items (Fruits)/PNG/Avocado(Inside).png
  artifactKey: Guid(5cd8e3a9e11df274caf8a8d170fb8d62) Importer(815301076,1909f56bfc062723c751e8b465ee728b)
Start importing Assets/Pixel Food Items (Fruits)/PNG/Avocado(Inside).png using Guid(5cd8e3a9e11df274caf8a8d170fb8d62) Importer(815301076,1909f56bfc062723c751e8b465ee728b) (PreviewImporter) -> (artifact id: '799660194ec3c13e69e275f4f4f402f9') in 0.0166494 seconds
Number of updated asset objects reloaded before import = 0Number of asset objects unloaded after import = 3

========================================================================
Received Import Request.
  Time since last request: 0.612907 seconds.
  path: Assets/Pixel Food Items (Fruits)/PNG/Pineapple.png
  artifactKey: Guid(f329ad2a98aea5b499d369ced86e7167) Importer(815301076,1909f56bfc062723c751e8b465ee728b)
Start importing Assets/Pixel Food Items (Fruits)/PNG/Pineapple.png using Guid(f329ad2a98aea5b499d369ced86e7167) Importer(815301076,1909f56bfc062723c751e8b465ee728b) (PreviewImporter) -> (artifact id: 'dc4e3c866b259119bc11684369de8dee') in 0.0189644 seconds
Number of updated asset objects reloaded before import = 0Number of asset objects unloaded after import = 3

Editor requested this worker to shutdown with reason: Scaling down because of idle timeout
AssetImportWorker is now disconnected from the server
Process exiting
Exiting without the bug reporter. Application will terminate with return code 0